WARNING: A restricted method in java.lang.System has been called
WARNING: java.lang.System::load has been called by net.rubygrapefruit.platform.internal.NativeLibraryLoader in an unnamed module (file:/C:/Users/asus/.gradle/wrapper/dists/gradle-8.13-bin/5xuhj0ry160q40clulazy9h7d/gradle-8.13/lib/native-platform-0.22-milestone-28.jar)
WARNING: Use --enable-native-access=ALL-UNNAMED to avoid a warning for callers in this module
WARNING: Restricted methods will be blocked in a future release unless native access is enabled

> Task :app:checkKotlinGradlePluginConfigurationErrors SKIPPED
> Task :app:preBuild UP-TO-DATE
> Task :app:preDebugBuild UP-TO-DATE
> Task :app:dataBindingMergeDependencyArtifactsDebug UP-TO-DATE
> Task :app:generateDebugResValues UP-TO-DATE
> Task :app:generateDebugResources UP-TO-DATE
> Task :app:processDebugGoogleServices UP-TO-DATE
> Task :app:mergeDebugResources UP-TO-DATE
> Task :app:packageDebugResources UP-TO-DATE
> Task :app:parseDebugLocalResources UP-TO-DATE
> Task :app:dataBindingGenBaseClassesDebug UP-TO-DATE
> Task :app:checkDebugAarMetadata UP-TO-DATE
> Task :app:mapDebugSourceSetPaths UP-TO-DATE
> Task :app:createDebugCompatibleScreenManifests UP-TO-DATE
> Task :app:extractDeepLinksDebug UP-TO-DATE
> Task :app:processDebugMainManifest UP-TO-DATE
> Task :app:processDebugManifest UP-TO-DATE
> Task :app:processDebugManifestForPackage UP-TO-DATE
> Task :app:processDebugResources UP-TO-DATE

> Task :app:compileDebugKotlin FAILED
e: file:///C:/Users/asus/StudioProjects/Associate/app/src/main/java/com/example/associate/PreferencesHelper/ZegoCallManager.kt:76:1 Syntax error: Expecting member declaration.
e: file:///C:/Users/asus/StudioProjects/Associate/app/src/main/java/com/example/associate/PreferencesHelper/ZegoCallManager.kt:76:8 Syntax error: Expecting member declaration.
e: file:///C:/Users/asus/StudioProjects/Associate/app/src/main/java/com/example/associate/PreferencesHelper/ZegoCallManager.kt:76:10 Syntax error: Expecting member declaration.
e: file:///C:/Users/asus/StudioProjects/Associate/app/src/main/java/com/example/associate/PreferencesHelper/ZegoCallManager.kt:76:11 Syntax error: Expecting member declaration.
e: file:///C:/Users/asus/StudioProjects/Associate/app/src/main/java/com/example/associate/PreferencesHelper/ZegoCallManager.kt:76:15 Syntax error: Expecting member declaration.
e: file:///C:/Users/asus/StudioProjects/Associate/app/src/main/java/com/example/associate/PreferencesHelper/ZegoCallManager.kt:76:16 Syntax error: Expecting member declaration.
e: file:///C:/Users/asus/StudioProjects/Associate/app/src/main/java/com/example/associate/PreferencesHelper/ZegoCallManager.kt:76:27 Syntax error: Expecting member declaration.
e: file:///C:/Users/asus/StudioProjects/Associate/app/src/main/java/com/example/associate/PreferencesHelper/ZegoCallManager.kt:76:28 Syntax error: Expecting member declaration.
e: file:///C:/Users/asus/StudioProjects/Associate/app/src/main/java/com/example/associate/PreferencesHelper/ZegoCallManager.kt:76:37 Syntax error: Expecting member declaration.
e: file:///C:/Users/asus/StudioProjects/Associate/app/src/main/java/com/example/associate/PreferencesHelper/ZegoCallManager.kt:76:38 Syntax error: Expecting member declaration.
e: file:///C:/Users/asus/StudioProjects/Associate/app/src/main/java/com/example/associate/PreferencesHelper/ZegoCallManager.kt:77:1 Syntax error: Expecting member declaration.
e: file:///C:/Users/asus/StudioProjects/Associate/app/src/main/java/com/example/associate/PreferencesHelper/ZegoCallManager.kt:77:8 Syntax error: Expecting member declaration.
e: file:///C:/Users/asus/StudioProjects/Associate/app/src/main/java/com/example/associate/PreferencesHelper/ZegoCallManager.kt:77:10 Syntax error: Expecting member declaration.
e: file:///C:/Users/asus/StudioProjects/Associate/app/src/main/java/com/example/associate/PreferencesHelper/ZegoCallManager.kt:77:11 Syntax error: Expecting member declaration.
e: file:///C:/Users/asus/StudioProjects/Associate/app/src/main/java/com/example/associate/PreferencesHelper/ZegoCallManager.kt:77:15 Syntax error: Expecting member declaration.
e: file:///C:/Users/asus/StudioProjects/Associate/app/src/main/java/com/example/associate/PreferencesHelper/ZegoCallManager.kt:77:16 Syntax error: Expecting member declaration.
e: file:///C:/Users/asus/StudioProjects/Associate/app/src/main/java/com/example/associate/PreferencesHelper/ZegoCallManager.kt:77:27 Syntax error: Expecting member declaration.
e: file:///C:/Users/asus/StudioProjects/Associate/app/src/main/java/com/example/associate/PreferencesHelper/ZegoCallManager.kt:77:28 Syntax error: Expecting member declaration.
e: file:///C:/Users/asus/StudioProjects/Associate/app/src/main/java/com/example/associate/PreferencesHelper/ZegoCallManager.kt:77:37 Syntax error: Expecting member declaration.
e: file:///C:/Users/asus/StudioProjects/Associate/app/src/main/java/com/example/associate/PreferencesHelper/ZegoCallManager.kt:77:38 Syntax error: Expecting member declaration.
e: file:///C:/Users/asus/StudioProjects/Associate/app/src/main/java/com/example/associate/PreferencesHelper/ZegoCallManager.kt:80:9 'onRoomStateChanged' overrides nothing.
e: file:///C:/Users/asus/StudioProjects/Associate/app/src/main/java/com/example/associate/PreferencesHelper/ZegoCallManager.kt:80:66 Unresolved reference 'ZegoRoomStateChangedReason'.
e: file:///C:/Users/asus/StudioProjects/Associate/app/src/main/java/com/example/associate/PreferencesHelper/ZegoCallManager.kt:83:61 Unresolved reference 'value'.
e: file:///C:/Users/asus/StudioProjects/Associate/app/src/main/java/com/example/associate/PreferencesHelper/ZegoCallManager.kt:94:9 'onPublisherStateUpdate' overrides nothing.
e: file:///C:/Users/asus/StudioProjects/Associate/app/src/main/java/com/example/associate/PreferencesHelper/ZegoCallManager.kt:94:71 Unresolved reference 'ZegoPublisherState'.

FAILURE: Build failed with an exception.

* What went wrong:
Execution failed for task ':app:compileDebugKotlin'.
> A failure occurred while executing org.jetbrains.kotlin.compilerRunner.GradleCompilerRunnerWithWorkers$GradleKotlinCompilerWorkAction
   > Compilation error. See log for more details

* Try:
> Run with --stacktrace option to get the stack trace.
> Run with --info or --debug option to get more log output.
> Run with --scan to get full insights.
> Get more help at https://help.gradle.org.

BUILD FAILED in 22s
17 actionable tasks: 1 executed, 16 up-to-date

Log updated for repository activity
